DEBUG:crawlertxtobj:Article 1:Beina því til fyrirtækja að fylgja túlkun Vinnumálastofnunar 
 at /g/2020148788d/beina-thvi-til-fyrirtaekja-ad-fylgja-tulkun-vinnumalastofnunar
DEBUG:crawlertxtobj:Article 2:Ákæra klerk fyrir manndráp vegna fjölmennrar samkomu 
 at /g/2020148785d/akaera-klerk-fyrir-manndrap-vegna-fjolmennrar-samkomu
DEBUG:crawlertxtobj:Article 3:Harmar á­kvörðun Trump 
 at /g/2020148747d/harmar-a-kvordun-trump
DEBUG:crawlertxtobj:Article 4:CNN segir viðbrögð yfirvalda hér á landi geta kennt umheiminum fjórar lexíur 
 at /g/2020148742d/cnn-segir-vidbrogd-yfirvalda-her-a-landi-geta-kennt-umheiminum-fjorar-lexiur
DEBUG:crawlertxtobj:Article 5:Lentu á þyrlu í gígnum tíu árum eftir eldgosið 
 at /g/2020148714d/lentu-a-thyrlu-i-gignum-tiu-arum-eftir-eldgosid
DEBUG:crawlertxtobj:Article 6:Vilja fram­lengja út­göngu­bann um þrjár vikur 
 at /g/2020148724d/vilja-fram-lengja-ut-gongu-bann-um-thrjar-vikur
DEBUG:crawlertxtobj:Article 7:Eyþing óskaði eftir leynd um dóms­átt eftir upp­sögn fram­kvæmda­stjóra 
 at /g/2020148718d/eything-oskadi-eftir-leynd-um-doms-att-eftir-upp-sogn-fram-kvaemda-stjora
DEBUG:crawlertxtobj:Article 8:Sex góð ráð fyrir fundarstjóra fjarfunda 
 at /g/2020148372d/sex-god-rad-fyrir-fundarstjora-fjarfunda
DEBUG:crawlertxtobj:Article 9:Erfitt að koma hjólum atvinnulífsins aftur af stað 
 at /g/2020148712d/erfitt-ad-koma-hjolum-atvinnulifsins-aftur-af-stad
DEBUG:crawlertxtobj:Article 10:Atvinnuleysi gæti náð hæstu hæðum í apríl 
 at /g/2020148709d/atvinnuleysi-gaeti-nad-haestu-haedum-i-april
DEBUG:crawlertxtobj:Article 11:Samþykktu að frysta skuldir fátækustu ríkja heims 
 at /g/2020148619d/samthykktu-ad-frysta-skuldir-fataekustu-rikja-heims
DEBUG:crawlertxtobj:Article 12:Apple kynnir nýjan, ódýrari iPhone 
 at /g/2020148571d/apple-kynnir-nyjan-odyrari-iphone
DEBUG:crawlertxtobj:Article 13:Skora á ráðherra að styðja einkarekna fjölmiðla 
 at /g/2020148555d/skora-a-radherra-ad-stydja-einkarekna-fjolmidla
DEBUG:crawlertxtobj:Article 14:Rekstur í þrot: Algengt í smærri fyrirtækjum að eigendur hafi veitt veð eða aðrar ábyrgðir 
 at /g/2020146024d/rekstur-i-throt-algengt-i-smaerri-fyrirtaekjum-ad-eigendur-hafi-veitt-ved-eda-adrar-abyrgdir
DEBUG:crawlertxtobj:Article 15:„Margt skemmtilegra en að vera á bekk þar sem Guðjón Pétur er“ 
 at /g/2020148749d/-margt-skemmtilegra-en-ad-vera-a-bekk-thar-sem-gudjon-petur-er-
DEBUG:crawlertxtobj:Article 16:ÍR riftir samningnum við Sigurð Gunnar 
 at /g/2020148735d/ir-riftir-samningnum-vid-sigurd-gunnar
DEBUG:crawlertxtobj:Article 17:Sænsk knattspyrnulið skipuleggja æfingamót í maí og forsætisráðherrann er ekki sáttur 
 at /g/2020148704d/saensk-knattspyrnulid-skipuleggja-aefingamot-i-mai-og-forsaetisradherrann-er-ekki-sattur
DEBUG:crawlertxtobj:Article 18:Sandá í Þistilfirði til SVFR 
 at /g/2020200419977/sanda-i-thistilfirdi-til-svfr
DEBUG:crawlertxtobj:Article 19:„Það á að ákveða það á vellinum hverjir fara til himna og hverjir til helvítis“ 
 at /g/2020148697d/-thad-a-ad-akveda-thad-a-vellinum-hverjir-fara-til-himna-og-hverjir-til-helvitis-
DEBUG:crawlertxtobj:Article 20:Segist hafa átt að svara meira fyrir sig opinberlega eftir úrslitaleikinn 2018 
 at /g/2020148692d/segist-hafa-att-ad-svara-meira-fyrir-sig-opinberlega-eftir-urslitaleikinn-2018
DEBUG:crawlertxtobj:Article 21:Guðni reiknar með styrk úr digrum sjóðum FIFA 
 at /g/2020148657d/gudni-reiknar-med-styrk-ur-digrum-sjodum-fifa
DEBUG:crawlertxtobj:Article 22:Bein útsending: Tónleikar með Geirfuglunum 
 at /g/2020148765d/bein-utsending-tonleikar-med-geirfuglunum
DEBUG:crawlertxtobj:Article 23:Gwen Stefani rakaði höfuðið á Blake Shelton 
 at /g/2020148533d/gwen-stefani-rakadi-hofudid-a-blake-shelton
DEBUG:crawlertxtobj:Article 24:Býr í geimfari 
 at /g/2020147932d/byr-i-geimfari
DEBUG:crawlertxtobj:Article 25:Orðin sem Íslendingar leita eftir á Google í miðjum faraldri 
 at /g/2020147288d/ordin-sem-islendingar-leita-eftir-a-google-i-midjum-faraldri
DEBUG:crawlertxtobj:Article 26:Dorrit segir Vigdísi besta forseta Íslands 
 at /g/2020148351d/dorrit-segir-vigdisi-besta-forseta-islands
DEBUG:crawlertxtobj:Article 27:9BLÖBLÖ á Xinu 977 
 at /g/2020147969d/9bloblo-a-xinu-977
DEBUG:crawlertxtobj:Article 28:Þorsteinn Bachman óþolandi í nýju myndbandi Jóa Pé og Króla 
 at /g/2020147944d/thorsteinn-bachman-otholandi-i-nyju-myndbandi-joa-pe-og-krola
DEBUG:crawlertxtobj:Article 29:'Sportið í dag - Guðni Bergs um stuðning FIFA og UEFA' 
 at /k/dce71c62-d10a-40c4-9b54-cccf409b4eff-1586990883535
DEBUG:crawlertxtobj:Article 29:'Flogið niður í gígbotn Eyjafjallajökuls tíu árum eftir gosið' 
 at /k/e6ceb9d0-3782-4365-8cc9-8b399263734b-1586991231424
DEBUG:crawlertxtobj:Article 29:'Sportið í dag - Guðni Bergs um Rúmeníuleikinn' 
 at /k/dce71c62-d10a-40c4-9b54-cccf409b4eff-1586984095429
DEBUG:crawlertxtobj:Article 29:'Sportið í kvöld - Umræða um Breiðablik' 
 at /k/f82a4076-604a-4a1f-9c48-96166a40d6e9-1587027031275
DEBUG:crawlertxtobj:Article 29:'Sportið í dag - Íslenskt rafíþróttalið í atvinnumannadeild' 
 at /k/dce71c62-d10a-40c4-9b54-cccf409b4eff-1586969071784
DEBUG:crawlertxtobj:Article 29:'Sportið í dag - Strandhandbolti á ÓL?' 
 at /k/dce71c62-d10a-40c4-9b54-cccf409b4eff-1586969221575
DEBUG:crawlertxtobj:Article 29:'Ísland í dag - Alma Möller elskar saumaskap, kampavín og hálendi Íslands' 
 at /k/b8696309-3bb4-4ebc-ab8b-0e7995f0db3a-1586977946463
DEBUG:crawlertxtobj:Article 1:Harmar á­kvörðun Trump 
 at /g/2020148747d/harmar-a-kvordun-trump
DEBUG:crawlertxtobj:Article 2:CNN segir viðbrögð yfirvalda hér á landi geta kennt umheiminum fjórar lexíur 
 at /g/2020148742d/cnn-segir-vidbrogd-yfirvalda-her-a-landi-geta-kennt-umheiminum-fjorar-lexiur
DEBUG:crawlertxtobj:Article 3:Lentu á þyrlu í gígnum tíu árum eftir eldgosið 
 at /g/2020148714d/lentu-a-thyrlu-i-gignum-tiu-arum-eftir-eldgosid
DEBUG:crawlertxtobj:Article 4:Vilja fram­lengja út­göngu­bann um þrjár vikur 
 at /g/2020148724d/vilja-fram-lengja-ut-gongu-bann-um-thrjar-vikur
DEBUG:crawlertxtobj:Article 5:Eyþing óskaði eftir leynd um dóms­átt eftir upp­sögn fram­kvæmda­stjóra 
 at /g/2020148718d/eything-oskadi-eftir-leynd-um-doms-att-eftir-upp-sogn-fram-kvaemda-stjora
DEBUG:crawlertxtobj:Article 6:Opna deild fyrir afeitrun barna 
 at /g/2020148699d/opna-deild-fyrir-afeitrun-barna
DEBUG:crawlertxtobj:Article 7:Sunnan­átt morgun­dagsins mun minna okkur á blóm í haga og langa sumar­daga 
 at /g/2020148688d/sunnan-att-morgun-dagsins-mun-minna-okkur-a-blom-i-haga-og-langa-sumar-daga
DEBUG:crawlertxtobj:Article 8:Sex góð ráð fyrir fundarstjóra fjarfunda 
 at /g/2020148372d/sex-god-rad-fyrir-fundarstjora-fjarfunda
DEBUG:crawlertxtobj:Article 9:Erfitt að koma hjólum atvinnulífsins aftur af stað 
 at /g/2020148712d/erfitt-ad-koma-hjolum-atvinnulifsins-aftur-af-stad
DEBUG:crawlertxtobj:Article 10:Atvinnuleysi gæti náð hæstu hæðum í apríl 
 at /g/2020148709d/atvinnuleysi-gaeti-nad-haestu-haedum-i-april
DEBUG:crawlertxtobj:Article 11:Samþykktu að frysta skuldir fátækustu ríkja heims 
 at /g/2020148619d/samthykktu-ad-frysta-skuldir-fataekustu-rikja-heims
DEBUG:crawlertxtobj:Article 12:Apple kynnir nýjan, ódýrari iPhone 
 at /g/2020148571d/apple-kynnir-nyjan-odyrari-iphone
DEBUG:crawlertxtobj:Article 13:Skora á ráðherra að styðja einkarekna fjölmiðla 
 at /g/2020148555d/skora-a-radherra-ad-stydja-einkarekna-fjolmidla
DEBUG:crawlertxtobj:Article 14:Rekstur í þrot: Algengt í smærri fyrirtækjum að eigendur hafi veitt veð eða aðrar ábyrgðir 
 at /g/2020146024d/rekstur-i-throt-algengt-i-smaerri-fyrirtaekjum-ad-eigendur-hafi-veitt-ved-eda-adrar-abyrgdir
DEBUG:crawlertxtobj:Article 15:„Margt skemmtilegra en að vera á bekk þar sem Guðjón Pétur er“ 
 at /g/2020148749d/-margt-skemmtilegra-en-ad-vera-a-bekk-thar-sem-gudjon-petur-er-
DEBUG:crawlertxtobj:Article 16:ÍR riftir samningnum við Sigurð Gunnar 
 at /g/2020148735d/ir-riftir-samningnum-vid-sigurd-gunnar
DEBUG:crawlertxtobj:Article 17:Sænsk knattspyrnulið skipuleggja æfingamót í maí og forsætisráðherrann er ekki sáttur 
 at /g/2020148704d/saensk-knattspyrnulid-skipuleggja-aefingamot-i-mai-og-forsaetisradherrann-er-ekki-sattur
DEBUG:crawlertxtobj:Article 18:Sandá í Þistilfirði til SVFR 
 at /g/2020200419977/sanda-i-thistilfirdi-til-svfr
DEBUG:crawlertxtobj:Article 19:„Það á að ákveða það á vellinum hverjir fara til himna og hverjir til helvítis“ 
 at /g/2020148697d/-thad-a-ad-akveda-thad-a-vellinum-hverjir-fara-til-himna-og-hverjir-til-helvitis-
DEBUG:crawlertxtobj:Article 20:Segist hafa átt að svara meira fyrir sig opinberlega eftir úrslitaleikinn 2018 
 at /g/2020148692d/segist-hafa-att-ad-svara-meira-fyrir-sig-opinberlega-eftir-urslitaleikinn-2018
DEBUG:crawlertxtobj:Article 21:Guðni reiknar með styrk úr digrum sjóðum FIFA 
 at /g/2020148657d/gudni-reiknar-med-styrk-ur-digrum-sjodum-fifa
DEBUG:crawlertxtobj:Article 22:Gwen Stefani rakaði höfuðið á Blake Shelton 
 at /g/2020148533d/gwen-stefani-rakadi-hofudid-a-blake-shelton
DEBUG:crawlertxtobj:Article 23:Býr í geimfari 
 at /g/2020147932d/byr-i-geimfari
DEBUG:crawlertxtobj:Article 24:Orðin sem Íslendingar leita eftir á Google í miðjum faraldri 
 at /g/2020147288d/ordin-sem-islendingar-leita-eftir-a-google-i-midjum-faraldri
DEBUG:crawlertxtobj:Article 25:Dorrit segir Vigdísi besta forseta Íslands 
 at /g/2020148351d/dorrit-segir-vigdisi-besta-forseta-islands
DEBUG:crawlertxtobj:Article 26:9BLÖBLÖ á Xinu 977 
 at /g/2020147969d/9bloblo-a-xinu-977
DEBUG:crawlertxtobj:Article 27:Þorsteinn Bachman óþolandi í nýju myndbandi Jóa Pé og Króla 
 at /g/2020147944d/thorsteinn-bachman-otholandi-i-nyju-myndbandi-joa-pe-og-krola
DEBUG:crawlertxtobj:Article 28:Vigdís sagði já og sextán ára drengur upplifði ógleymanlegan dag 
 at /g/2020147895d/vigdis-sagdi-ja-og-sextan-ara-drengur-upplifdi-ogleymanlegan-dag
DEBUG:crawlertxtobj:Article 29:'Sportið í dag - Guðni Bergs um stuðning FIFA og UEFA' 
 at /k/dce71c62-d10a-40c4-9b54-cccf409b4eff-1586990883535
DEBUG:crawlertxtobj:Article 29:'Flogið niður í gígbotn Eyjafjallajökuls tíu árum eftir gosið' 
 at /k/e6ceb9d0-3782-4365-8cc9-8b399263734b-1586991231424
DEBUG:crawlertxtobj:Article 29:'Sportið í dag - Guðni Bergs um Rúmeníuleikinn' 
 at /k/dce71c62-d10a-40c4-9b54-cccf409b4eff-1586984095429
DEBUG:crawlertxtobj:Article 29:'Sportið í kvöld - Umræða um Breiðablik' 
 at /k/f82a4076-604a-4a1f-9c48-96166a40d6e9-1587027031275
DEBUG:crawlertxtobj:Article 29:'Sportið í dag - Íslenskt rafíþróttalið í atvinnumannadeild' 
 at /k/dce71c62-d10a-40c4-9b54-cccf409b4eff-1586969071784
DEBUG:crawlertxtobj:Article 29:'Sportið í dag - Strandhandbolti á ÓL?' 
 at /k/dce71c62-d10a-40c4-9b54-cccf409b4eff-1586969221575
DEBUG:crawlertxtobj:Article 29:'Ísland í dag - Alma Möller elskar saumaskap, kampavín og hálendi Íslands' 
 at /k/b8696309-3bb4-4ebc-ab8b-0e7995f0db3a-1586977946463
DEBUG:crawlertxtobj:Article 1:Harmar á­kvörðun Trump 
 at /g/2020148747d/harmar-a-kvordun-trump
DEBUG:crawlertxtobj:Article 2:CNN segir viðbrögð yfirvalda hér á landi geta kennt umheiminum fjórar lexíur 
 at /g/2020148742d/cnn-segir-vidbrogd-yfirvalda-her-a-landi-geta-kennt-umheiminum-fjorar-lexiur
DEBUG:crawlertxtobj:Article 3:Lentu á þyrlu í gígnum tíu árum eftir eldgosið 
 at /g/2020148714d/lentu-a-thyrlu-i-gignum-tiu-arum-eftir-eldgosid
DEBUG:crawlertxtobj:Article 4:Vilja fram­lengja út­göngu­bann um þrjár vikur 
 at /g/2020148724d/vilja-fram-lengja-ut-gongu-bann-um-thrjar-vikur
DEBUG:crawlertxtobj:Article 5:Eyþing óskaði eftir leynd um dóms­átt eftir upp­sögn fram­kvæmda­stjóra 
 at /g/2020148718d/eything-oskadi-eftir-leynd-um-doms-att-eftir-upp-sogn-fram-kvaemda-stjora
DEBUG:crawlertxtobj:Article 6:Opna deild fyrir afeitrun barna 
 at /g/2020148699d/opna-deild-fyrir-afeitrun-barna
DEBUG:crawlertxtobj:Article 7:Sunnan­átt morgun­dagsins mun minna okkur á blóm í haga og langa sumar­daga 
 at /g/2020148688d/sunnan-att-morgun-dagsins-mun-minna-okkur-a-blom-i-haga-og-langa-sumar-daga
DEBUG:crawlertxtobj:Article 8:Sex góð ráð fyrir fundarstjóra fjarfunda 
 at /g/2020148372d/sex-god-rad-fyrir-fundarstjora-fjarfunda
DEBUG:crawlertxtobj:Article 9:Erfitt að koma hjólum atvinnulífsins aftur af stað 
 at /g/2020148712d/erfitt-ad-koma-hjolum-atvinnulifsins-aftur-af-stad
DEBUG:crawlertxtobj:Article 10:Atvinnuleysi gæti náð hæstu hæðum í apríl 
 at /g/2020148709d/atvinnuleysi-gaeti-nad-haestu-haedum-i-april
DEBUG:crawlertxtobj:Article 11:Samþykktu að frysta skuldir fátækustu ríkja heims 
 at /g/2020148619d/samthykktu-ad-frysta-skuldir-fataekustu-rikja-heims
DEBUG:crawlertxtobj:Article 12:Apple kynnir nýjan, ódýrari iPhone 
 at /g/2020148571d/apple-kynnir-nyjan-odyrari-iphone
DEBUG:crawlertxtobj:Article 13:Skora á ráðherra að styðja einkarekna fjölmiðla 
 at /g/2020148555d/skora-a-radherra-ad-stydja-einkarekna-fjolmidla
DEBUG:crawlertxtobj:Article 14:Rekstur í þrot: Algengt í smærri fyrirtækjum að eigendur hafi veitt veð eða aðrar ábyrgðir 
 at /g/2020146024d/rekstur-i-throt-algengt-i-smaerri-fyrirtaekjum-ad-eigendur-hafi-veitt-ved-eda-adrar-abyrgdir
DEBUG:crawlertxtobj:Article 15:„Margt skemmtilegra en að vera á bekk þar sem Guðjón Pétur er“ 
 at /g/2020148749d/-margt-skemmtilegra-en-ad-vera-a-bekk-thar-sem-gudjon-petur-er-
DEBUG:crawlertxtobj:Article 16:ÍR riftir samningnum við Sigurð Gunnar 
 at /g/2020148735d/ir-riftir-samningnum-vid-sigurd-gunnar
DEBUG:crawlertxtobj:Article 17:Sænsk knattspyrnulið skipuleggja æfingamót í maí og forsætisráðherrann er ekki sáttur 
 at /g/2020148704d/saensk-knattspyrnulid-skipuleggja-aefingamot-i-mai-og-forsaetisradherrann-er-ekki-sattur
DEBUG:crawlertxtobj:Article 18:Sandá í Þistilfirði til SVFR 
 at /g/2020200419977/sanda-i-thistilfirdi-til-svfr
DEBUG:crawlertxtobj:Article 19:„Það á að ákveða það á vellinum hverjir fara til himna og hverjir til helvítis“ 
 at /g/2020148697d/-thad-a-ad-akveda-thad-a-vellinum-hverjir-fara-til-himna-og-hverjir-til-helvitis-
DEBUG:crawlertxtobj:Article 20:Segist hafa átt að svara meira fyrir sig opinberlega eftir úrslitaleikinn 2018 
 at /g/2020148692d/segist-hafa-att-ad-svara-meira-fyrir-sig-opinberlega-eftir-urslitaleikinn-2018
DEBUG:crawlertxtobj:Article 21:Guðni reiknar með styrk úr digrum sjóðum FIFA 
 at /g/2020148657d/gudni-reiknar-med-styrk-ur-digrum-sjodum-fifa
DEBUG:crawlertxtobj:Article 22:Gwen Stefani rakaði höfuðið á Blake Shelton 
 at /g/2020148533d/gwen-stefani-rakadi-hofudid-a-blake-shelton
DEBUG:crawlertxtobj:Article 23:Býr í geimfari 
 at /g/2020147932d/byr-i-geimfari
DEBUG:crawlertxtobj:Article 24:Orðin sem Íslendingar leita eftir á Google í miðjum faraldri 
 at /g/2020147288d/ordin-sem-islendingar-leita-eftir-a-google-i-midjum-faraldri
DEBUG:crawlertxtobj:Article 25:Dorrit segir Vigdísi besta forseta Íslands 
 at /g/2020148351d/dorrit-segir-vigdisi-besta-forseta-islands
DEBUG:crawlertxtobj:Article 26:9BLÖBLÖ á Xinu 977 
 at /g/2020147969d/9bloblo-a-xinu-977
DEBUG:crawlertxtobj:Article 27:Þorsteinn Bachman óþolandi í nýju myndbandi Jóa Pé og Króla 
 at /g/2020147944d/thorsteinn-bachman-otholandi-i-nyju-myndbandi-joa-pe-og-krola
DEBUG:crawlertxtobj:Article 28:Vigdís sagði já og sextán ára drengur upplifði ógleymanlegan dag 
 at /g/2020147895d/vigdis-sagdi-ja-og-sextan-ara-drengur-upplifdi-ogleymanlegan-dag
DEBUG:crawlertxtobj:Article 29:'Sportið í dag - Guðni Bergs um stuðning FIFA og UEFA' 
 at /k/dce71c62-d10a-40c4-9b54-cccf409b4eff-1586990883535
DEBUG:crawlertxtobj:Article 29:'Flogið niður í gígbotn Eyjafjallajökuls tíu árum eftir gosið' 
 at /k/e6ceb9d0-3782-4365-8cc9-8b399263734b-1586991231424
DEBUG:crawlertxtobj:Article 29:'Sportið í dag - Guðni Bergs um Rúmeníuleikinn' 
 at /k/dce71c62-d10a-40c4-9b54-cccf409b4eff-1586984095429
DEBUG:crawlertxtobj:Article 29:'Sportið í kvöld - Umræða um Breiðablik' 
 at /k/f82a4076-604a-4a1f-9c48-96166a40d6e9-1587027031275
DEBUG:crawlertxtobj:Article 29:'Sportið í dag - Íslenskt rafíþróttalið í atvinnumannadeild' 
 at /k/dce71c62-d10a-40c4-9b54-cccf409b4eff-1586969071784
DEBUG:crawlertxtobj:Article 29:'Sportið í dag - Strandhandbolti á ÓL?' 
 at /k/dce71c62-d10a-40c4-9b54-cccf409b4eff-1586969221575
DEBUG:crawlertxtobj:Article 29:'Ísland í dag - Alma Möller elskar saumaskap, kampavín og hálendi Íslands' 
 at /k/b8696309-3bb4-4ebc-ab8b-0e7995f0db3a-1586977946463
